<?xml version="1.0" encoding="UTF-8"?>
<coverage generated="1576238453">
  <project timestamp="1576238453">
    <file name="/Users/ali/Projects/Moyasar/moyasar-php/src/Contracts/HttpClient.php">
      <metrics loc="12" ncloc="12" classes="0" methods="0" coveredmethods="0" conditionals="0" coveredconditionals="0" statements="0" coveredstatements="0" elements="0" coveredelements="0"/>
    </file>
    <package name="Moyasar">
      <file name="/Users/ali/Projects/Moyasar/moyasar-php/src/CreditCard.php">
        <class name="CreditCard" namespace="Moyasar">
          <metrics complexity="0" methods="0" coveredmethods="0" conditionals="0" coveredconditionals="0" statements="0" coveredstatements="0" elements="0" coveredelements="0"/>
        </class>
        <metrics loc="40" ncloc="17" classes="0" methods="0" coveredmethods="0" conditionals="0" coveredconditionals="0" statements="0" coveredstatements="0" elements="0" coveredelements="0"/>
      </file>
      <file name="/Users/ali/Projects/Moyasar/moyasar-php/src/Invoice.php">
        <class name="Invoice" namespace="Moyasar">
          <metrics complexity="14" methods="5" coveredmethods="5" conditionals="0" coveredconditionals="0" statements="21" coveredstatements="21" elements="26" coveredelements="26"/>
        </class>
        <line num="115" type="method" name="__construct" visibility="protected" complexity="1" crap="1" count="10"/>
        <line num="117" type="stmt" count="10"/>
        <line num="119" type="method" name="transform" visibility="protected" complexity="2" crap="2" count="10"/>
        <line num="121" type="stmt" count="10"/>
        <line num="122" type="stmt" count="8"/>
        <line num="125" type="stmt" count="10"/>
        <line num="137" type="method" name="update" visibility="public" complexity="1" crap="1" count="4"/>
        <line num="139" type="stmt" count="4"/>
        <line num="140" type="stmt" count="1"/>
        <line num="141" type="stmt" count="1"/>
        <line num="142" type="stmt" count="1"/>
        <line num="151" type="method" name="cancel" visibility="public" complexity="1" crap="1" count="1"/>
        <line num="153" type="stmt" count="1"/>
        <line num="154" type="stmt" count="1"/>
        <line num="155" type="stmt" count="1"/>
        <line num="163" type="method" name="validateUpdateArguments" visibility="private" complexity="9" crap="9" count="4"/>
        <line num="165" type="stmt" count="4"/>
        <line num="167" type="stmt" count="4"/>
        <line num="168" type="stmt" count="1"/>
        <line num="171" type="stmt" count="4"/>
        <line num="172" type="stmt" count="1"/>
        <line num="175" type="stmt" count="4"/>
        <line num="176" type="stmt" count="1"/>
        <line num="179" type="stmt" count="4"/>
        <line num="180" type="stmt" count="3"/>
        <line num="182" type="stmt" count="1"/>
        <metrics loc="182" ncloc="85" classes="1" methods="5" coveredmethods="5" conditionals="0" coveredconditionals="0" statements="21" coveredstatements="21" elements="26" coveredelements="26"/>
      </file>
      <file name="/Users/ali/Projects/Moyasar/moyasar-php/src/Moyasar.php">
        <class name="Moyasar" namespace="Moyasar">
          <metrics complexity="2" methods="2" coveredmethods="2" conditionals="0" coveredconditionals="0" statements="3" coveredstatements="3" elements="5" coveredelements="5"/>
        </class>
        <line num="17" type="method" name="setApiKey" visibility="public" complexity="1" crap="1" count="1"/>
        <line num="19" type="stmt" count="1"/>
        <line num="20" type="stmt" count="1"/>
        <line num="22" type="method" name="getApiKey" visibility="public" complexity="1" crap="1" count="1"/>
        <line num="24" type="stmt" count="1"/>
        <metrics loc="25" ncloc="21" classes="1" methods="2" coveredmethods="2" conditionals="0" coveredconditionals="0" statements="3" coveredstatements="3" elements="5" coveredelements="5"/>
      </file>
      <file name="/Users/ali/Projects/Moyasar/moyasar-php/src/OnlineResource.php">
        <class name="OnlineResource" namespace="Moyasar">
          <metrics complexity="1" methods="1" coveredmethods="1" conditionals="0" coveredconditionals="0" statements="2" coveredstatements="2" elements="3" coveredelements="3"/>
        </class>
        <line num="23" type="method" name="setClient" visibility="public" complexity="1" crap="1" count="18"/>
        <line num="25" type="stmt" count="18"/>
        <line num="26" type="stmt" count="18"/>
        <metrics loc="26" ncloc="18" classes="1" methods="1" coveredmethods="1" conditionals="0" coveredconditionals="0" statements="2" coveredstatements="2" elements="3" coveredelements="3"/>
      </file>
      <file name="/Users/ali/Projects/Moyasar/moyasar-php/src/PaginationResult.php">
        <class name="PaginationResult" namespace="Moyasar">
          <metrics complexity="1" methods="1" coveredmethods="1" conditionals="0" coveredconditionals="0" statements="2" coveredstatements="2" elements="3" coveredelements="3"/>
        </class>
        <line num="20" type="method" name="setResult" visibility="public" complexity="1" crap="1" count="4"/>
        <line num="22" type="stmt" count="4"/>
        <line num="23" type="stmt" count="4"/>
        <metrics loc="25" ncloc="20" classes="1" methods="1" coveredmethods="1" conditionals="0" coveredconditionals="0" statements="2" coveredstatements="2" elements="3" coveredelements="3"/>
      </file>
      <file name="/Users/ali/Projects/Moyasar/moyasar-php/src/Payment.php">
        <class name="Payment" namespace="Moyasar">
          <metrics complexity="16" methods="7" coveredmethods="3" conditionals="0" coveredconditionals="0" statements="32" coveredstatements="19" elements="39" coveredelements="22"/>
        </class>
        <line num="157" type="method" name="__construct" visibility="protected" complexity="1" crap="1" count="16"/>
        <line num="159" type="stmt" count="16"/>
        <line num="161" type="method" name="transform" visibility="protected" complexity="7" crap="7.39" count="16"/>
        <line num="163" type="stmt" count="16"/>
        <line num="164" type="stmt" count="16"/>
        <line num="167" type="stmt" count="16"/>
        <line num="168" type="stmt" count="0"/>
        <line num="171" type="stmt" count="16"/>
        <line num="180" type="method" name="update" visibility="public" complexity="1" crap="1" count="1"/>
        <line num="182" type="stmt" count="1"/>
        <line num="184" type="stmt" count="1"/>
        <line num="185" type="stmt" count="1"/>
        <line num="188" type="stmt" count="1"/>
        <line num="189" type="stmt" count="1"/>
        <line num="199" type="method" name="refund" visibility="public" complexity="2" crap="2" count="3"/>
        <line num="201" type="stmt" count="3"/>
        <line num="202" type="stmt" count="2"/>
        <line num="203" type="stmt" count="2"/>
        <line num="207" type="stmt" count="1"/>
        <line num="208" type="stmt" count="1"/>
        <line num="211" type="stmt" count="1"/>
        <line num="212" type="stmt" count="1"/>
        <line num="222" type="method" name="capture" visibility="public" complexity="2" crap="6" count="0"/>
        <line num="224" type="stmt" count="0"/>
        <line num="225" type="stmt" count="0"/>
        <line num="226" type="stmt" count="0"/>
        <line num="230" type="stmt" count="0"/>
        <line num="231" type="stmt" count="0"/>
        <line num="234" type="stmt" count="0"/>
        <line num="235" type="stmt" count="0"/>
        <line num="243" type="method" name="void" visibility="public" complexity="1" crap="2" count="0"/>
        <line num="245" type="stmt" count="0"/>
        <line num="246" type="stmt" count="0"/>
        <line num="247" type="stmt" count="0"/>
        <line num="249" type="method" name="validateDescription" visibility="private" complexity="2" crap="2.50" count="1"/>
        <line num="251" type="stmt" count="1"/>
        <line num="252" type="stmt" count="0"/>
        <line num="253" type="stmt" count="0"/>
        <line num="256" type="stmt" count="1"/>
        <metrics loc="256" ncloc="123" classes="1" methods="7" coveredmethods="3" conditionals="0" coveredconditionals="0" statements="32" coveredstatements="19" elements="39" coveredelements="22"/>
      </file>
      <file name="/Users/ali/Projects/Moyasar/moyasar-php/src/Resource.php">
        <class name="Resource" namespace="Moyasar">
          <metrics complexity="15" methods="9" coveredmethods="4" conditionals="0" coveredconditionals="0" statements="26" coveredstatements="13" elements="35" coveredelements="17"/>
        </class>
        <line num="20" type="method" name="snakeToCamel" visibility="protected" complexity="1" crap="1" count="20"/>
        <line num="21" type="stmt" count="20"/>
        <line num="22" type="stmt" count="20"/>
        <line num="33" type="method" name="camelToSnake" visibility="protected" complexity="1" crap="2" count="0"/>
        <line num="34" type="stmt" count="0"/>
        <line num="44" type="method" name="transform" visibility="protected" complexity="1" crap="1" count="20"/>
        <line num="46" type="stmt" count="20"/>
        <line num="55" type="method" name="fromArray" visibility="public" complexity="1" crap="1" count="20"/>
        <line num="57" type="stmt" count="20"/>
        <line num="60" type="stmt" count="20"/>
        <line num="62" type="stmt" count="20"/>
        <line num="64" type="stmt" count="20"/>
        <line num="73" type="method" name="fromJson" visibility="public" complexity="1" crap="1" count="2"/>
        <line num="75" type="stmt" count="2"/>
        <line num="85" type="method" name="transformBack" visibility="protected" complexity="1" crap="2" count="0"/>
        <line num="87" type="stmt" count="0"/>
        <line num="95" type="method" name="updateFromArray" visibility="protected" complexity="4" crap="4.07" count="20"/>
        <line num="97" type="stmt" count="20"/>
        <line num="98" type="stmt" count="20"/>
        <line num="99" type="stmt" count="18"/>
        <line num="103" type="stmt" count="20"/>
        <line num="104" type="stmt" count="0"/>
        <line num="106" type="stmt" count="20"/>
        <line num="113" type="method" name="toSnakeArray" visibility="public" complexity="4" crap="20" count="0"/>
        <line num="115" type="stmt" count="0"/>
        <line num="117" type="stmt" count="0"/>
        <line num="119" type="stmt" count="0"/>
        <line num="120" type="stmt" count="0"/>
        <line num="121" type="stmt" count="0"/>
        <line num="124" type="stmt" count="0"/>
        <line num="125" type="stmt" count="0"/>
        <line num="128" type="stmt" count="0"/>
        <line num="131" type="stmt" count="0"/>
        <line num="139" type="method" name="toJson" visibility="public" complexity="1" crap="2" count="0"/>
        <line num="141" type="stmt" count="0"/>
        <metrics loc="142" ncloc="81" classes="1" methods="9" coveredmethods="4" conditionals="0" coveredconditionals="0" statements="26" coveredstatements="13" elements="35" coveredelements="17"/>
      </file>
      <file name="/Users/ali/Projects/Moyasar/moyasar-php/src/Sadad.php">
        <class name="Sadad" namespace="Moyasar">
          <metrics complexity="0" methods="0" coveredmethods="0" conditionals="0" coveredconditionals="0" statements="0" coveredstatements="0" elements="0" coveredelements="0"/>
        </class>
        <metrics loc="42" ncloc="17" classes="0" methods="0" coveredmethods="0" conditionals="0" coveredconditionals="0" statements="0" coveredstatements="0" elements="0" coveredelements="0"/>
      </file>
      <file name="/Users/ali/Projects/Moyasar/moyasar-php/src/Search.php">
        <class name="Search" namespace="Moyasar">
          <metrics complexity="15" methods="9" coveredmethods="0" conditionals="0" coveredconditionals="0" statements="22" coveredstatements="0" elements="31" coveredelements="0"/>
        </class>
        <line num="49" type="method" name="__construct" visibility="private" complexity="1" crap="2" count="0"/>
        <line num="51" type="stmt" count="0"/>
        <line num="53" type="method" name="query" visibility="public" complexity="1" crap="2" count="0"/>
        <line num="55" type="stmt" count="0"/>
        <line num="58" type="method" name="id" visibility="public" complexity="1" crap="2" count="0"/>
        <line num="60" type="stmt" count="0"/>
        <line num="61" type="stmt" count="0"/>
        <line num="64" type="method" name="source" visibility="public" complexity="1" crap="2" count="0"/>
        <line num="66" type="stmt" count="0"/>
        <line num="67" type="stmt" count="0"/>
        <line num="70" type="method" name="status" visibility="public" complexity="1" crap="2" count="0"/>
        <line num="72" type="stmt" count="0"/>
        <line num="73" type="stmt" count="0"/>
        <line num="76" type="method" name="page" visibility="public" complexity="1" crap="2" count="0"/>
        <line num="78" type="stmt" count="0"/>
        <line num="79" type="stmt" count="0"/>
        <line num="82" type="method" name="createdAfter" visibility="public" complexity="1" crap="2" count="0"/>
        <line num="84" type="stmt" count="0"/>
        <line num="85" type="stmt" count="0"/>
        <line num="88" type="method" name="createdBefore" visibility="public" complexity="1" crap="2" count="0"/>
        <line num="90" type="stmt" count="0"/>
        <line num="91" type="stmt" count="0"/>
        <line num="94" type="method" name="toArray" visibility="public" complexity="7" crap="56" count="0"/>
        <line num="96" type="stmt" count="0"/>
        <line num="98" type="stmt" count="0"/>
        <line num="99" type="stmt" count="0"/>
        <line num="100" type="stmt" count="0"/>
        <line num="101" type="stmt" count="0"/>
        <line num="102" type="stmt" count="0"/>
        <line num="103" type="stmt" count="0"/>
        <line num="105" type="stmt" count="0"/>
        <metrics loc="107" ncloc="77" classes="1" methods="9" coveredmethods="0" conditionals="0" coveredconditionals="0" statements="22" coveredstatements="0" elements="31" coveredelements="0"/>
      </file>
      <file name="/Users/ali/Projects/Moyasar/moyasar-php/src/Source.php">
        <class name="Source" namespace="Moyasar">
          <metrics complexity="1" methods="1" coveredmethods="1" conditionals="0" coveredconditionals="0" statements="1" coveredstatements="1" elements="2" coveredelements="2"/>
        </class>
        <line num="18" type="method" name="type" visibility="public" complexity="1" crap="1" count="2"/>
        <line num="20" type="stmt" count="2"/>
        <metrics loc="22" ncloc="17" classes="1" methods="1" coveredmethods="1" conditionals="0" coveredconditionals="0" statements="1" coveredstatements="1" elements="2" coveredelements="2"/>
      </file>
    </package>
    <package name="Moyasar\Exceptions">
      <file name="/Users/ali/Projects/Moyasar/moyasar-php/src/Exceptions/ApiException.php">
        <class name="ApiException" namespace="Moyasar\Exceptions">
          <metrics complexity="3" methods="3" coveredmethods="0" conditionals="0" coveredconditionals="0" statements="6" coveredstatements="0" elements="9" coveredelements="0"/>
        </class>
        <line num="12" type="method" name="__construct" visibility="public" complexity="1" crap="2" count="0"/>
        <line num="14" type="stmt" count="0"/>
        <line num="16" type="stmt" count="0"/>
        <line num="17" type="stmt" count="0"/>
        <line num="18" type="stmt" count="0"/>
        <line num="20" type="method" name="type" visibility="public" complexity="1" crap="2" count="0"/>
        <line num="22" type="stmt" count="0"/>
        <line num="25" type="method" name="errors" visibility="public" complexity="1" crap="2" count="0"/>
        <line num="27" type="stmt" count="0"/>
        <metrics loc="28" ncloc="28" classes="1" methods="3" coveredmethods="0" conditionals="0" coveredconditionals="0" statements="6" coveredstatements="0" elements="9" coveredelements="0"/>
      </file>
      <file name="/Users/ali/Projects/Moyasar/moyasar-php/src/Exceptions/BaseException.php">
        <class name="BaseException" namespace="Moyasar\Exceptions">
          <metrics complexity="0" methods="0" coveredmethods="0" conditionals="0" coveredconditionals="0" statements="0" coveredstatements="0" elements="0" coveredelements="0"/>
        </class>
        <metrics loc="8" ncloc="8" classes="0" methods="0" coveredmethods="0" conditionals="0" coveredconditionals="0" statements="0" coveredstatements="0" elements="0" coveredelements="0"/>
      </file>
      <file name="/Users/ali/Projects/Moyasar/moyasar-php/src/Exceptions/ValidationException.php">
        <class name="ValidationException" namespace="Moyasar\Exceptions">
          <metrics complexity="2" methods="2" coveredmethods="1" conditionals="0" coveredconditionals="0" statements="4" coveredstatements="3" elements="6" coveredelements="4"/>
        </class>
        <line num="14" type="method" name="__construct" visibility="public" complexity="1" crap="1" count="10"/>
        <line num="16" type="stmt" count="10"/>
        <line num="18" type="stmt" count="10"/>
        <line num="19" type="stmt" count="10"/>
        <line num="21" type="method" name="errors" visibility="public" complexity="1" crap="2" count="0"/>
        <line num="23" type="stmt" count="0"/>
        <metrics loc="24" ncloc="21" classes="1" methods="2" coveredmethods="1" conditionals="0" coveredconditionals="0" statements="4" coveredstatements="3" elements="6" coveredelements="4"/>
      </file>
    </package>
    <package name="Moyasar\Providers">
      <file name="/Users/ali/Projects/Moyasar/moyasar-php/src/Providers/GuzzleClientFactory.php">
        <class name="GuzzleClientFactory" namespace="Moyasar\Providers">
          <metrics complexity="2" methods="2" coveredmethods="0" conditionals="0" coveredconditionals="0" statements="3" coveredstatements="0" elements="5" coveredelements="0"/>
        </class>
        <line num="10" type="method" name="build" visibility="public" complexity="1" crap="2" count="0"/>
        <line num="12" type="stmt" count="0"/>
        <line num="15" type="method" name="options" visibility="public" complexity="1" crap="2" count="0"/>
        <line num="18" type="stmt" count="0"/>
        <line num="19" type="stmt" count="0"/>
        <metrics loc="21" ncloc="21" classes="1" methods="2" coveredmethods="0" conditionals="0" coveredconditionals="0" statements="3" coveredstatements="0" elements="5" coveredelements="0"/>
      </file>
      <file name="/Users/ali/Projects/Moyasar/moyasar-php/src/Providers/HttpClient.php">
        <class name="HttpClient" namespace="Moyasar\Providers">
          <metrics complexity="17" methods="9" coveredmethods="0" conditionals="0" coveredconditionals="0" statements="31" coveredstatements="0" elements="40" coveredelements="0"/>
        </class>
        <line num="20" type="method" name="__construct" visibility="public" complexity="2" crap="6" count="0"/>
        <line num="22" type="stmt" count="0"/>
        <line num="23" type="stmt" count="0"/>
        <line num="26" type="stmt" count="0"/>
        <line num="27" type="stmt" count="0"/>
        <line num="37" type="method" name="request" visibility="public" complexity="8" crap="72" count="0"/>
        <line num="39" type="stmt" count="0"/>
        <line num="40" type="stmt" count="0"/>
        <line num="42" type="stmt" count="0"/>
        <line num="43" type="stmt" count="0"/>
        <line num="45" type="stmt" count="0"/>
        <line num="49" type="stmt" count="0"/>
        <line num="50" type="stmt" count="0"/>
        <line num="51" type="stmt" count="0"/>
        <line num="52" type="stmt" count="0"/>
        <line num="54" type="stmt" count="0"/>
        <line num="55" type="stmt" count="0"/>
        <line num="57" type="stmt" count="0"/>
        <line num="58" type="stmt" count="0"/>
        <line num="59" type="stmt" count="0"/>
        <line num="61" type="stmt" count="0"/>
        <line num="64" type="stmt" count="0"/>
        <line num="75" type="method" name="get" visibility="public" complexity="1" crap="2" count="0"/>
        <line num="77" type="stmt" count="0"/>
        <line num="87" type="method" name="post" visibility="public" complexity="1" crap="2" count="0"/>
        <line num="89" type="stmt" count="0"/>
        <line num="99" type="method" name="put" visibility="public" complexity="1" crap="2" count="0"/>
        <line num="101" type="stmt" count="0"/>
        <line num="111" type="method" name="patch" visibility="public" complexity="1" crap="2" count="0"/>
        <line num="113" type="stmt" count="0"/>
        <line num="123" type="method" name="delete" visibility="public" complexity="1" crap="2" count="0"/>
        <line num="125" type="stmt" count="0"/>
        <line num="128" type="method" name="clientOptions" visibility="private" complexity="1" crap="2" count="0"/>
        <line num="131" type="stmt" count="0"/>
        <line num="135" type="method" name="formatResponse" visibility="private" complexity="1" crap="2" count="0"/>
        <line num="137" type="stmt" count="0"/>
        <line num="140" type="stmt" count="0"/>
        <line num="141" type="stmt" count="0"/>
        <line num="142" type="stmt" count="0"/>
        <line num="143" type="stmt" count="0"/>
        <metrics loc="145" ncloc="99" classes="1" methods="9" coveredmethods="0" conditionals="0" coveredconditionals="0" statements="31" coveredstatements="0" elements="40" coveredelements="0"/>
      </file>
      <file name="/Users/ali/Projects/Moyasar/moyasar-php/src/Providers/InvoiceService.php">
        <class name="InvoiceService" namespace="Moyasar\Providers">
          <metrics complexity="19" methods="7" coveredmethods="4" conditionals="0" coveredconditionals="0" statements="39" coveredstatements="36" elements="46" coveredelements="40"/>
        </class>
        <line num="19" type="method" name="__construct" visibility="public" complexity="2" crap="2.06" count="15"/>
        <line num="21" type="stmt" count="15"/>
        <line num="22" type="stmt" count="0"/>
        <line num="25" type="stmt" count="15"/>
        <line num="26" type="stmt" count="15"/>
        <line num="37" type="method" name="create" visibility="public" complexity="1" crap="1" count="6"/>
        <line num="39" type="stmt" count="6"/>
        <line num="40" type="stmt" count="6"/>
        <line num="42" type="stmt" count="1"/>
        <line num="43" type="stmt" count="1"/>
        <line num="45" type="stmt" count="1"/>
        <line num="46" type="stmt" count="1"/>
        <line num="47" type="stmt" count="1"/>
        <line num="55" type="method" name="defaultCreateArguments" visibility="private" complexity="1" crap="1" count="6"/>
        <line num="58" type="stmt" count="6"/>
        <line num="68" type="method" name="validateCreateArguments" visibility="private" complexity="11" crap="11.04" count="6"/>
        <line num="70" type="stmt" count="6"/>
        <line num="72" type="stmt" count="6"/>
        <line num="73" type="stmt" count="1"/>
        <line num="76" type="stmt" count="6"/>
        <line num="77" type="stmt" count="1"/>
        <line num="80" type="stmt" count="6"/>
        <line num="81" type="stmt" count="0"/>
        <line num="84" type="stmt" count="6"/>
        <line num="85" type="stmt" count="1"/>
        <line num="88" type="stmt" count="6"/>
        <line num="89" type="stmt" count="2"/>
        <line num="92" type="stmt" count="6"/>
        <line num="93" type="stmt" count="5"/>
        <line num="95" type="stmt" count="1"/>
        <line num="105" type="method" name="fetch" visibility="public" complexity="1" crap="1" count="7"/>
        <line num="107" type="stmt" count="7"/>
        <line num="108" type="stmt" count="7"/>
        <line num="109" type="stmt" count="7"/>
        <line num="110" type="stmt" count="7"/>
        <line num="119" type="method" name="all" visibility="public" complexity="2" crap="2.03" count="2"/>
        <line num="121" type="stmt" count="2"/>
        <line num="122" type="stmt" count="0"/>
        <line num="125" type="stmt" count="2"/>
        <line num="126" type="stmt" count="2"/>
        <line num="127" type="stmt" count="2"/>
        <line num="128" type="method" name="anonymousFunction:128#645" complexity="1" crap="1" count="2"/>
        <line num="129" type="stmt" count="2"/>
        <line num="130" type="stmt" count="2"/>
        <line num="131" type="stmt" count="2"/>
        <line num="132" type="stmt" count="2"/>
        <metrics loc="136" ncloc="99" classes="1" methods="7" coveredmethods="4" conditionals="0" coveredconditionals="0" statements="39" coveredstatements="36" elements="46" coveredelements="40"/>
      </file>
      <file name="/Users/ali/Projects/Moyasar/moyasar-php/src/Providers/PaymentService.php">
        <class name="PaymentService" namespace="Moyasar\Providers">
          <metrics complexity="6" methods="4" coveredmethods="2" conditionals="0" coveredconditionals="0" statements="17" coveredstatements="15" elements="21" coveredelements="17"/>
        </class>
        <line num="19" type="method" name="__construct" visibility="public" complexity="2" crap="2.06" count="8"/>
        <line num="21" type="stmt" count="8"/>
        <line num="22" type="stmt" count="0"/>
        <line num="25" type="stmt" count="8"/>
        <line num="26" type="stmt" count="8"/>
        <line num="36" type="method" name="fetch" visibility="public" complexity="1" crap="1" count="6"/>
        <line num="38" type="stmt" count="6"/>
        <line num="39" type="stmt" count="6"/>
        <line num="40" type="stmt" count="6"/>
        <line num="41" type="stmt" count="6"/>
        <line num="52" type="method" name="all" visibility="public" complexity="2" crap="2.03" count="2"/>
        <line num="54" type="stmt" count="2"/>
        <line num="55" type="stmt" count="0"/>
        <line num="58" type="stmt" count="2"/>
        <line num="59" type="stmt" count="2"/>
        <line num="60" type="stmt" count="2"/>
        <line num="61" type="method" name="anonymousFunction:61#271" complexity="1" crap="1" count="2"/>
        <line num="62" type="stmt" count="2"/>
        <line num="63" type="stmt" count="2"/>
        <line num="64" type="stmt" count="2"/>
        <line num="65" type="stmt" count="2"/>
        <metrics loc="68" ncloc="49" classes="1" methods="4" coveredmethods="2" conditionals="0" coveredconditionals="0" statements="17" coveredstatements="15" elements="21" coveredelements="17"/>
      </file>
    </package>
    <metrics files="18" loc="1309" ncloc="813" classes="14" methods="62" coveredmethods="24" conditionals="0" coveredconditionals="0" statements="209" coveredstatements="115" elements="271" coveredelements="139"/>
  </project>
</coverage>
